<?xml version="1.0" encoding="UTF-8"?>
<!-- Generated by org.testng.reporters.JUnitXMLReporter -->
<testsuite ignored="0" hostname="DreamSkater" failures="0" tests="4" name="Test4" time="1.779" errors="0" timestamp="2023-05-15T17:14:25 EDT">
  <testcase classname="baseClasses.First" name="first" time="0.002"/>
  <testcase classname="baseClasses.Second" name="seond" time="0.001"/>
  <testcase classname="baseClasses.Third" name="third" time="0.001"/>
  <testcase classname="baseClasses.FBPage" name="demoTest" time="1.762"/>
</testsuite> <!-- Test4 -->
