<?xml version="1.0" encoding="UTF-8"?>
<!-- Generated by org.testng.reporters.JUnitXMLReporter -->
<testsuite ignored="0" hostname="Amar" failures="1" tests="2" name="Test3" time="12.22" errors="0" timestamp="2023-05-18T15:47:29 EDT">
  <testcase classname="baseClasses.ThirdTest" name="third" time="0.001"/>
  <testcase classname="baseClasses.FBPageTest" name="demoTest" time="12.204">
    <failure type="java.lang.AssertionError" message="expected [Amsar] but found [Amar]">
      <![CDATA[java.lang.AssertionError: expected [Amsar] but found [Amar]
at baseClasses.FBPageTest.demoTest(FBPageTest.java:21)
at java.base/java.util.ArrayList.forEach(ArrayList.java:1541)
... Removed 37 stack frames]]>
    </failure>
  </testcase> <!-- demoTest -->
</testsuite> <!-- Test3 -->
