<?xml version="1.0" encoding="UTF-8"?>
<testng-results ignored="0" total="11" passed="11" failed="0" skipped="0">
  <reporter-output>
  </reporter-output>
  <suite started-at="2023-05-15T17:14:19 EDT" name="Suite" finished-at="2023-05-15T17:14:25 EDT" duration-ms="5781">
    <groups>
    </groups>
    <test started-at="2023-05-15T17:14:19 EDT" name="Test1" finished-at="2023-05-15T17:14:19 EDT" duration-ms="46">
      <class name="baseClasses.Second">
        <test-method signature="seond()[pri:0, instance:baseClasses.Second@2f217633]" started-at="2023-05-15T17:14:19 EDT" name="seond" finished-at="2023-05-15T17:14:19 EDT" duration-ms="1" status="PASS">
          <reporter-output>
          </reporter-output>
        </test-method> <!-- seond -->
      </class> <!-- baseClasses.Second -->
      <class name="baseClasses.First">
        <test-method signature="first()[pri:0, instance:baseClasses.First@383bfa16]" started-at="2023-05-15T17:14:19 EDT" name="first" finished-at="2023-05-15T17:14:19 EDT" duration-ms="9" status="PASS">
          <reporter-output>
          </reporter-output>
        </test-method> <!-- first -->
      </class> <!-- baseClasses.First -->
    </test> <!-- Test1 -->
    <test started-at="2023-05-15T17:14:19 EDT" name="Test2" finished-at="2023-05-15T17:14:19 EDT" duration-ms="10">
      <class name="baseClasses.Second">
        <test-method signature="seond()[pri:0, instance:baseClasses.Second@26e356f0]" started-at="2023-05-15T17:14:19 EDT" name="seond" finished-at="2023-05-15T17:14:19 EDT" duration-ms="1" status="PASS">
          <reporter-output>
          </reporter-output>
        </test-method> <!-- seond -->
      </class> <!-- baseClasses.Second -->
      <class name="baseClasses.First">
        <test-method signature="first()[pri:0, instance:baseClasses.First@54a7079e]" started-at="2023-05-15T17:14:19 EDT" name="first" finished-at="2023-05-15T17:14:19 EDT" duration-ms="1" status="PASS">
          <reporter-output>
          </reporter-output>
        </test-method> <!-- first -->
      </class> <!-- baseClasses.First -->
      <class name="baseClasses.Third">
        <test-method signature="third()[pri:0, instance:baseClasses.Third@47d9a273]" started-at="2023-05-15T17:14:19 EDT" name="third" finished-at="2023-05-15T17:14:19 EDT" duration-ms="2" status="PASS">
          <reporter-output>
          </reporter-output>
        </test-method> <!-- third -->
      </class> <!-- baseClasses.Third -->
    </test> <!-- Test2 -->
    <test started-at="2023-05-15T17:14:19 EDT" name="Test3" finished-at="2023-05-15T17:14:23 EDT" duration-ms="3854">
      <class name="baseClasses.Third">
        <test-method signature="third()[pri:0, instance:baseClasses.Third@29215f06]" started-at="2023-05-15T17:14:19 EDT" name="third" finished-at="2023-05-15T17:14:19 EDT" duration-ms="1" status="PASS">
          <reporter-output>
          </reporter-output>
        </test-method> <!-- third -->
      </class> <!-- baseClasses.Third -->
      <class name="baseClasses.FBPage">
        <test-method signature="demoTest()[pri:0, instance:baseClasses.FBPage@59505b48]" started-at="2023-05-15T17:14:19 EDT" name="demoTest" finished-at="2023-05-15T17:14:23 EDT" duration-ms="3850" status="PASS">
          <reporter-output>
          </reporter-output>
        </test-method> <!-- demoTest -->
      </class> <!-- baseClasses.FBPage -->
    </test> <!-- Test3 -->
    <test started-at="2023-05-15T17:14:23 EDT" name="Test4" finished-at="2023-05-15T17:14:25 EDT" duration-ms="1779">
      <class name="baseClasses.Second">
        <test-method signature="seond()[pri:0, instance:baseClasses.Second@506ae4d4]" started-at="2023-05-15T17:14:23 EDT" name="seond" finished-at="2023-05-15T17:14:23 EDT" duration-ms="1" status="PASS">
          <reporter-output>
          </reporter-output>
        </test-method> <!-- seond -->
      </class> <!-- baseClasses.Second -->
      <class name="baseClasses.First">
        <test-method signature="first()[pri:0, instance:baseClasses.First@b9b00e0]" started-at="2023-05-15T17:14:23 EDT" name="first" finished-at="2023-05-15T17:14:23 EDT" duration-ms="2" status="PASS">
          <reporter-output>
          </reporter-output>
        </test-method> <!-- first -->
      </class> <!-- baseClasses.First -->
      <class name="baseClasses.Third">
        <test-method signature="third()[pri:0, instance:baseClasses.Third@7d4f9aae]" started-at="2023-05-15T17:14:23 EDT" name="third" finished-at="2023-05-15T17:14:23 EDT" duration-ms="1" status="PASS">
          <reporter-output>
          </reporter-output>
        </test-method> <!-- third -->
      </class> <!-- baseClasses.Third -->
      <class name="baseClasses.FBPage">
        <test-method signature="demoTest()[pri:0, instance:baseClasses.FBPage@72e5a8e]" started-at="2023-05-15T17:14:23 EDT" name="demoTest" finished-at="2023-05-15T17:14:25 EDT" duration-ms="1762" status="PASS">
          <reporter-output>
          </reporter-output>
        </test-method> <!-- demoTest -->
      </class> <!-- baseClasses.FBPage -->
    </test> <!-- Test4 -->
  </suite> <!-- Suite -->
</testng-results>
